Performing C SOURCE FILE Test CMAKE_HAVE_LIBC_PTHREAD failed with the following output:
Change Dir: /home/df/Documents/workspace/async_runtime/cmake-build-debug/CMakeFiles/CMakeTmp

Run Build Command(s):/usr/bin/gmake -f Makefile cmTC_819b1/fast && /usr/bin/gmake  -f CMakeFiles/cmTC_819b1.dir/build.make CMakeFiles/cmTC_819b1.dir/build
gmake[1]: Entering directory '/home/df/Documents/workspace/async_runtime/cmake-build-debug/CMakeFiles/CMakeTmp'
Building C object CMakeFiles/cmTC_819b1.dir/src.c.o
/usr/bin/cc -DCMAKE_HAVE_LIBC_PTHREAD   -o CMakeFiles/cmTC_819b1.dir/src.c.o -c /home/df/Documents/workspace/async_runtime/cmake-build-debug/CMakeFiles/CMakeTmp/src.c
Linking C executable cmTC_819b1
/home/df/Documents/install/CLion-2021.2.3/clion-2021.2.3/bin/cmake/linux/bin/cmake -E cmake_link_script CMakeFiles/cmTC_819b1.dir/link.txt --verbose=1
/usr/bin/cc CMakeFiles/cmTC_819b1.dir/src.c.o -o cmTC_819b1 
/usr/bin/ld: CMakeFiles/cmTC_819b1.dir/src.c.o: in function `main':
src.c:(.text+0x2d): undefined reference to `pthread_create'
/usr/bin/ld: src.c:(.text+0x39): undefined reference to `pthread_detach'
/usr/bin/ld: src.c:(.text+0x45): undefined reference to `pthread_cancel'
/usr/bin/ld: src.c:(.text+0x56): undefined reference to `pthread_join'
collect2: error: ld returned 1 exit status
gmake[1]: *** [CMakeFiles/cmTC_819b1.dir/build.make:99: cmTC_819b1] Error 1
gmake[1]: Leaving directory '/home/df/Documents/workspace/async_runtime/cmake-build-debug/CMakeFiles/CMakeTmp'
gmake: *** [Makefile:127: cmTC_819b1/fast] Error 2


Source file was:
#include <pthread.h>

static void* test_func(void* data)
{
  return data;
}

int main(void)
{
  pthread_t thread;
  pthread_create(&thread, NULL, test_func, NULL);
  pthread_detach(thread);
  pthread_cancel(thread);
  pthread_join(thread, NULL);
  pthread_atfork(NULL, NULL, NULL);
  pthread_exit(NULL);

  return 0;
}

Determining if the function pthread_create exists in the pthreads failed with the following output:
Change Dir: /home/df/Documents/workspace/async_runtime/cmake-build-debug/CMakeFiles/CMakeTmp

Run Build Command(s):/usr/bin/gmake -f Makefile cmTC_b3a0f/fast && /usr/bin/gmake  -f CMakeFiles/cmTC_b3a0f.dir/build.make CMakeFiles/cmTC_b3a0f.dir/build
gmake[1]: Entering directory '/home/df/Documents/workspace/async_runtime/cmake-build-debug/CMakeFiles/CMakeTmp'
Building C object CMakeFiles/cmTC_b3a0f.dir/CheckFunctionExists.c.o
/usr/bin/cc   -DCHECK_FUNCTION_EXISTS=pthread_create -o CMakeFiles/cmTC_b3a0f.dir/CheckFunctionExists.c.o -c /home/df/Documents/install/CLion-2021.2.3/clion-2021.2.3/bin/cmake/linux/share/cmake-3.20/Modules/CheckFunctionExists.c
Linking C executable cmTC_b3a0f
/home/df/Documents/install/CLion-2021.2.3/clion-2021.2.3/bin/cmake/linux/bin/cmake -E cmake_link_script CMakeFiles/cmTC_b3a0f.dir/link.txt --verbose=1
/usr/bin/cc  -DCHECK_FUNCTION_EXISTS=pthread_create CMakeFiles/cmTC_b3a0f.dir/CheckFunctionExists.c.o -o cmTC_b3a0f  -lpthreads 
/usr/bin/ld: cannot find -lpthreads
collect2: error: ld returned 1 exit status
gmake[1]: *** [CMakeFiles/cmTC_b3a0f.dir/build.make:99: cmTC_b3a0f] Error 1
gmake[1]: Leaving directory '/home/df/Documents/workspace/async_runtime/cmake-build-debug/CMakeFiles/CMakeTmp'
gmake: *** [Makefile:127: cmTC_b3a0f/fast] Error 2



